[2022-06-25 14:23:44] Check model.
[2022-06-25 14:23:44] Cell2Vec(
  (encoder): GCNEncoder(
    (conv): ModuleList(
      (0): GraphConv(in=972, out=256, normalization=both, activation=None)
      (1): GraphConv(in=256, out=128, normalization=both, activation=None)
    )
  )
  (embeddings): Embedding(125, 384)
  (projector): Sequential(
    (0): Linear(in_features=128, out_features=384, bias=True)
    (1): Dropout(p=0.5, inplace=False)
  )
)
[2022-06-25 14:23:44] Start training.
[2022-06-25 14:23:47] Epoch=0001 Loss=6.5987
[2022-06-25 14:23:50] Epoch=0002 Loss=4.9201
[2022-06-25 14:23:52] Epoch=0003 Loss=4.5423
[2022-06-25 14:23:55] Epoch=0004 Loss=4.3900
[2022-06-25 14:23:58] Epoch=0005 Loss=4.2669
[2022-06-25 14:24:01] Epoch=0006 Loss=4.0962
[2022-06-25 14:24:03] Epoch=0007 Loss=3.8657
[2022-06-25 14:24:06] Epoch=0008 Loss=3.6994
[2022-06-25 14:24:08] Epoch=0009 Loss=3.4988
[2022-06-25 14:24:11] Epoch=0010 Loss=3.3168
[2022-06-25 14:24:13] Epoch=0011 Loss=3.2108
[2022-06-25 14:24:16] Epoch=0012 Loss=3.0395
[2022-06-25 14:24:19] Epoch=0013 Loss=2.9013
[2022-06-25 14:24:21] Epoch=0014 Loss=2.8051
[2022-06-25 14:24:24] Epoch=0015 Loss=2.6790
[2022-06-25 14:24:26] Epoch=0016 Loss=2.6136
[2022-06-25 14:24:29] Epoch=0017 Loss=2.5446
[2022-06-25 14:24:31] Epoch=0018 Loss=2.4107
[2022-06-25 14:24:34] Epoch=0019 Loss=2.3344
[2022-06-25 14:24:37] Epoch=0020 Loss=2.2293
[2022-06-25 14:24:39] Epoch=0021 Loss=2.2115
[2022-06-25 14:24:42] Epoch=0022 Loss=2.1548
[2022-06-25 14:24:44] Epoch=0023 Loss=2.1165
[2022-06-25 14:24:47] Epoch=0024 Loss=2.0094
[2022-06-25 14:24:50] Epoch=0025 Loss=2.0680
[2022-06-25 14:24:53] Epoch=0026 Loss=1.9735
[2022-06-25 14:24:56] Epoch=0027 Loss=1.8895
[2022-06-25 14:24:58] Epoch=0028 Loss=1.8156
[2022-06-25 14:25:01] Epoch=0029 Loss=1.7660
[2022-06-25 14:25:04] Epoch=0030 Loss=1.7367
[2022-06-25 14:25:06] Epoch=0031 Loss=1.6826
[2022-06-25 14:25:09] Epoch=0032 Loss=1.6221
[2022-06-25 14:25:12] Epoch=0033 Loss=1.6115
[2022-06-25 14:25:15] Epoch=0034 Loss=1.6437
[2022-06-25 14:25:17] Epoch=0035 Loss=1.6165
[2022-06-25 14:25:20] Epoch=0036 Loss=1.5674
[2022-06-25 14:25:22] Epoch=0037 Loss=1.5238
[2022-06-25 14:25:25] Epoch=0038 Loss=1.5114
[2022-06-25 14:25:27] Epoch=0039 Loss=1.5109
[2022-06-25 14:25:30] Epoch=0040 Loss=1.5414
[2022-06-25 14:25:33] Epoch=0041 Loss=1.5228
[2022-06-25 14:25:35] Epoch=0042 Loss=1.5046
[2022-06-25 14:25:38] Epoch=0043 Loss=1.4687
[2022-06-25 14:25:41] Epoch=0044 Loss=1.3950
[2022-06-25 14:25:43] Epoch=0045 Loss=1.3504
[2022-06-25 14:25:46] Epoch=0046 Loss=1.3448
[2022-06-25 14:25:48] Epoch=0047 Loss=1.3238
[2022-06-25 14:25:51] Epoch=0048 Loss=1.3314
[2022-06-25 14:25:54] Epoch=0049 Loss=1.3277
[2022-06-25 14:25:56] Epoch=0050 Loss=1.3060
[2022-06-25 14:25:59] Epoch=0051 Loss=1.2693
[2022-06-25 14:26:02] Epoch=0052 Loss=1.2562
[2022-06-25 14:26:04] Epoch=0053 Loss=1.2268
[2022-06-25 14:26:07] Epoch=0054 Loss=1.2181
[2022-06-25 14:26:10] Epoch=0055 Loss=1.2926
[2022-06-25 14:26:12] Epoch=0056 Loss=1.3283
[2022-06-25 14:26:15] Epoch=0057 Loss=1.2872
[2022-06-25 14:26:18] Epoch=0058 Loss=1.2610
[2022-06-25 14:26:20] Epoch=0059 Loss=1.2501
[2022-06-25 14:26:23] Epoch=0060 Loss=1.2945
[2022-06-25 14:26:26] Epoch=0061 Loss=1.2691
[2022-06-25 14:26:28] Epoch=0062 Loss=1.2211
[2022-06-25 14:26:31] Epoch=0063 Loss=1.2315
[2022-06-25 14:26:34] Epoch=0064 Loss=1.2227
[2022-06-25 14:26:37] Epoch=0065 Loss=1.1617
[2022-06-25 14:26:39] Epoch=0066 Loss=1.1363
[2022-06-25 14:26:42] Epoch=0067 Loss=1.1395
[2022-06-25 14:26:45] Epoch=0068 Loss=1.1363
[2022-06-25 14:26:47] Epoch=0069 Loss=1.1445
[2022-06-25 14:26:50] Epoch=0070 Loss=1.1483
[2022-06-25 14:26:53] Epoch=0071 Loss=1.1644
[2022-06-25 14:26:55] Epoch=0072 Loss=1.1526
[2022-06-25 14:26:58] Epoch=0073 Loss=1.1488
[2022-06-25 14:27:01] Epoch=0074 Loss=1.1510
[2022-06-25 14:27:04] Epoch=0075 Loss=1.1615
[2022-06-25 14:27:06] Epoch=0076 Loss=1.1116
[2022-06-25 14:27:09] Epoch=0077 Loss=1.1313
[2022-06-25 14:27:11] Epoch=0078 Loss=1.1224
[2022-06-25 14:27:14] Epoch=0079 Loss=1.1014
[2022-06-25 14:27:16] Epoch=0080 Loss=1.0800
[2022-06-25 14:27:19] Epoch=0081 Loss=1.0856
[2022-06-25 14:27:22] Epoch=0082 Loss=1.0539
[2022-06-25 14:27:24] Epoch=0083 Loss=1.0601
[2022-06-25 14:27:27] Epoch=0084 Loss=1.0878
[2022-06-25 14:27:29] Epoch=0085 Loss=1.1042
[2022-06-25 14:27:32] Epoch=0086 Loss=1.0805
[2022-06-25 14:27:34] Epoch=0087 Loss=1.0670
[2022-06-25 14:27:37] Epoch=0088 Loss=1.0708
[2022-06-25 14:27:40] Epoch=0089 Loss=1.0758
[2022-06-25 14:27:42] Epoch=0090 Loss=1.0414
[2022-06-25 14:27:45] Epoch=0091 Loss=1.0347
[2022-06-25 14:27:47] Epoch=0092 Loss=1.0384
[2022-06-25 14:27:50] Epoch=0093 Loss=1.0799
[2022-06-25 14:27:53] Epoch=0094 Loss=1.0696
[2022-06-25 14:27:56] Epoch=0095 Loss=1.0788
[2022-06-25 14:27:58] Epoch=0096 Loss=1.0364
[2022-06-25 14:28:01] Epoch=0097 Loss=1.0115
[2022-06-25 14:28:03] Epoch=0098 Loss=1.0025
[2022-06-25 14:28:06] Epoch=0099 Loss=1.0130
[2022-06-25 14:28:08] Epoch=0100 Loss=1.0152
[2022-06-25 14:28:11] Epoch=0101 Loss=1.0420
[2022-06-25 14:28:14] Epoch=0102 Loss=1.0174
[2022-06-25 14:28:16] Epoch=0103 Loss=1.0104
[2022-06-25 14:28:19] Epoch=0104 Loss=1.0258
[2022-06-25 14:28:21] Epoch=0105 Loss=0.9906
[2022-06-25 14:28:24] Epoch=0106 Loss=0.9856
[2022-06-25 14:28:27] Epoch=0107 Loss=1.0011
[2022-06-25 14:28:29] Epoch=0108 Loss=0.9837
[2022-06-25 14:28:32] Epoch=0109 Loss=0.9739
[2022-06-25 14:28:34] Epoch=0110 Loss=0.9902
[2022-06-25 14:28:37] Epoch=0111 Loss=0.9787
[2022-06-25 14:28:40] Epoch=0112 Loss=1.0010
[2022-06-25 14:28:42] Epoch=0113 Loss=0.9870
[2022-06-25 14:28:45] Epoch=0114 Loss=0.9890
[2022-06-25 14:28:48] Epoch=0115 Loss=0.9812
[2022-06-25 14:28:50] Epoch=0116 Loss=0.9523
[2022-06-25 14:28:53] Epoch=0117 Loss=0.9534
[2022-06-25 14:28:55] Epoch=0118 Loss=0.9528
[2022-06-25 14:28:58] Epoch=0119 Loss=0.9678
[2022-06-25 14:29:01] Epoch=0120 Loss=0.9795
[2022-06-25 14:29:04] Epoch=0121 Loss=0.9801
[2022-06-25 14:29:06] Epoch=0122 Loss=0.9597
[2022-06-25 14:29:09] Epoch=0123 Loss=0.9745
[2022-06-25 14:29:12] Epoch=0124 Loss=0.9659
[2022-06-25 14:29:14] Epoch=0125 Loss=0.9434
[2022-06-25 14:29:17] Epoch=0126 Loss=0.9241
[2022-06-25 14:29:19] Epoch=0127 Loss=0.9347
[2022-06-25 14:29:22] Epoch=0128 Loss=0.9427
[2022-06-25 14:29:24] Epoch=0129 Loss=0.9372
[2022-06-25 14:29:27] Epoch=0130 Loss=0.9144
[2022-06-25 14:29:30] Epoch=0131 Loss=0.9240
[2022-06-25 14:29:32] Epoch=0132 Loss=0.9243
[2022-06-25 14:29:35] Epoch=0133 Loss=0.9507
[2022-06-25 14:29:37] Epoch=0134 Loss=0.9439
[2022-06-25 14:29:40] Epoch=0135 Loss=0.9161
[2022-06-25 14:29:42] Epoch=0136 Loss=0.9091
[2022-06-25 14:29:45] Epoch=0137 Loss=0.9074
[2022-06-25 14:29:48] Epoch=0138 Loss=0.9199
[2022-06-25 14:29:51] Epoch=0139 Loss=0.9404
[2022-06-25 14:29:54] Epoch=0140 Loss=0.9340
[2022-06-25 14:29:56] Epoch=0141 Loss=0.9570
[2022-06-25 14:29:59] Epoch=0142 Loss=0.9874
[2022-06-25 14:30:02] Epoch=0143 Loss=0.9477
[2022-06-25 14:30:04] Epoch=0144 Loss=0.9332
[2022-06-25 14:30:07] Epoch=0145 Loss=0.9025
[2022-06-25 14:30:09] Epoch=0146 Loss=0.8883
[2022-06-25 14:30:12] Epoch=0147 Loss=0.8903
[2022-06-25 14:30:15] Epoch=0148 Loss=0.8817
[2022-06-25 14:30:18] Epoch=0149 Loss=0.8882
[2022-06-25 14:30:20] Epoch=0150 Loss=0.8948
[2022-06-25 14:30:23] Epoch=0151 Loss=0.8916
[2022-06-25 14:30:26] Epoch=0152 Loss=0.8932
[2022-06-25 14:30:28] Epoch=0153 Loss=0.8890
[2022-06-25 14:30:31] Epoch=0154 Loss=0.9137
[2022-06-25 14:30:33] Epoch=0155 Loss=0.9075
[2022-06-25 14:30:36] Epoch=0156 Loss=0.9411
[2022-06-25 14:30:39] Epoch=0157 Loss=0.9448
[2022-06-25 14:30:41] Epoch=0158 Loss=0.9153
[2022-06-25 14:30:44] Epoch=0159 Loss=0.9034
[2022-06-25 14:30:47] Epoch=0160 Loss=0.9045
[2022-06-25 14:30:49] Epoch=0161 Loss=0.8881
[2022-06-25 14:30:52] Epoch=0162 Loss=0.8752
[2022-06-25 14:30:54] Epoch=0163 Loss=0.8682
[2022-06-25 14:30:57] Epoch=0164 Loss=0.8631
[2022-06-25 14:30:59] Epoch=0165 Loss=0.8774
[2022-06-25 14:31:02] Epoch=0166 Loss=0.8753
[2022-06-25 14:31:04] Epoch=0167 Loss=0.8641
[2022-06-25 14:31:07] Epoch=0168 Loss=0.8675
[2022-06-25 14:31:10] Epoch=0169 Loss=0.8829
[2022-06-25 14:31:12] Epoch=0170 Loss=0.8928
[2022-06-25 14:31:15] Epoch=0171 Loss=0.8892
[2022-06-25 14:31:18] Epoch=0172 Loss=0.8804
[2022-06-25 14:31:20] Epoch=0173 Loss=0.8906
[2022-06-25 14:31:23] Epoch=0174 Loss=0.8801
[2022-06-25 14:31:25] Epoch=0175 Loss=0.8987
[2022-06-25 14:31:28] Epoch=0176 Loss=0.8840
[2022-06-25 14:31:31] Epoch=0177 Loss=0.8778
[2022-06-25 14:31:33] Epoch=0178 Loss=0.8844
[2022-06-25 14:31:36] Epoch=0179 Loss=0.8676
[2022-06-25 14:31:38] Epoch=0180 Loss=0.8483
[2022-06-25 14:31:41] Epoch=0181 Loss=0.8604
[2022-06-25 14:31:44] Epoch=0182 Loss=0.8581
[2022-06-25 14:31:46] Epoch=0183 Loss=0.8598
[2022-06-25 14:31:49] Epoch=0184 Loss=0.8513
[2022-06-25 14:31:52] Epoch=0185 Loss=0.8508
[2022-06-25 14:31:55] Epoch=0186 Loss=0.8454
[2022-06-25 14:31:57] Epoch=0187 Loss=0.8607
[2022-06-25 14:32:00] Epoch=0188 Loss=0.8486
[2022-06-25 14:32:03] Epoch=0189 Loss=0.8536
[2022-06-25 14:32:05] Epoch=0190 Loss=0.8585
[2022-06-25 14:32:08] Epoch=0191 Loss=0.8653
[2022-06-25 14:32:10] Epoch=0192 Loss=0.8781
[2022-06-25 14:32:13] Epoch=0193 Loss=0.8675
[2022-06-25 14:32:15] Epoch=0194 Loss=0.8617
[2022-06-25 14:32:18] Epoch=0195 Loss=0.8826
[2022-06-25 14:32:20] Epoch=0196 Loss=0.8781
[2022-06-25 14:32:23] Epoch=0197 Loss=0.8593
[2022-06-25 14:32:26] Epoch=0198 Loss=0.8581
[2022-06-25 14:32:28] Epoch=0199 Loss=0.8449
[2022-06-25 14:32:31] Epoch=0200 Loss=0.8363
[2022-06-25 14:32:34] Epoch=0201 Loss=0.8291
[2022-06-25 14:32:36] Epoch=0202 Loss=0.8246
[2022-06-25 14:32:39] Epoch=0203 Loss=0.8366
[2022-06-25 14:32:41] Epoch=0204 Loss=0.8324
[2022-06-25 14:32:44] Epoch=0205 Loss=0.8377
[2022-06-25 14:32:47] Epoch=0206 Loss=0.8319
[2022-06-25 14:32:50] Epoch=0207 Loss=0.8405
[2022-06-25 14:32:52] Epoch=0208 Loss=0.8416
[2022-06-25 14:32:55] Epoch=0209 Loss=0.8452
[2022-06-25 14:32:57] Epoch=0210 Loss=0.8408
[2022-06-25 14:33:00] Epoch=0211 Loss=0.8606
[2022-06-25 14:33:03] Epoch=0212 Loss=0.8730
[2022-06-25 14:33:05] Epoch=0213 Loss=0.8500
[2022-06-25 14:33:08] Epoch=0214 Loss=0.8369
[2022-06-25 14:33:11] Epoch=0215 Loss=0.8255
[2022-06-25 14:33:13] Epoch=0216 Loss=0.8232
[2022-06-25 14:33:16] Epoch=0217 Loss=0.8187
[2022-06-25 14:33:18] Epoch=0218 Loss=0.8143
[2022-06-25 14:33:21] Epoch=0219 Loss=0.8178
[2022-06-25 14:33:24] Epoch=0220 Loss=0.8155
[2022-06-25 14:33:26] Epoch=0221 Loss=0.8322
[2022-06-25 14:33:29] Epoch=0222 Loss=0.8418
[2022-06-25 14:33:31] Epoch=0223 Loss=0.8529
[2022-06-25 14:33:34] Epoch=0224 Loss=0.8579
[2022-06-25 14:33:36] Epoch=0225 Loss=0.8491
[2022-06-25 14:33:39] Epoch=0226 Loss=0.8380
[2022-06-25 14:33:41] Epoch=0227 Loss=0.8198
[2022-06-25 14:33:44] Epoch=0228 Loss=0.8123
[2022-06-25 14:33:46] Epoch=0229 Loss=0.8040
[2022-06-25 14:33:49] Epoch=0230 Loss=0.8009
[2022-06-25 14:33:52] Epoch=0231 Loss=0.8057
[2022-06-25 14:33:54] Epoch=0232 Loss=0.8188
[2022-06-25 14:33:57] Epoch=0233 Loss=0.8324
[2022-06-25 14:34:00] Epoch=0234 Loss=0.8417
[2022-06-25 14:34:02] Epoch=0235 Loss=0.8325
[2022-06-25 14:34:05] Epoch=0236 Loss=0.8303
[2022-06-25 14:34:07] Epoch=0237 Loss=0.8319
[2022-06-25 14:34:10] Epoch=0238 Loss=0.8164
[2022-06-25 14:34:12] Epoch=0239 Loss=0.8149
[2022-06-25 14:34:15] Epoch=0240 Loss=0.8126
[2022-06-25 14:34:18] Epoch=0241 Loss=0.8098
[2022-06-25 14:34:20] Epoch=0242 Loss=0.8079
[2022-06-25 14:34:23] Epoch=0243 Loss=0.8091
[2022-06-25 14:34:25] Epoch=0244 Loss=0.8038
[2022-06-25 14:34:28] Epoch=0245 Loss=0.8012
[2022-06-25 14:34:31] Epoch=0246 Loss=0.8067
[2022-06-25 14:34:33] Epoch=0247 Loss=0.8081
[2022-06-25 14:34:36] Epoch=0248 Loss=0.8181
[2022-06-25 14:34:39] Epoch=0249 Loss=0.8084
[2022-06-25 14:34:41] Epoch=0250 Loss=0.8052
[2022-06-25 14:34:44] Epoch=0251 Loss=0.8450
[2022-06-25 14:34:46] Epoch=0252 Loss=0.8430
[2022-06-25 14:34:49] Epoch=0253 Loss=0.8170
[2022-06-25 14:34:52] Epoch=0254 Loss=0.7998
[2022-06-25 14:34:54] Epoch=0255 Loss=0.7944
[2022-06-25 14:34:57] Epoch=0256 Loss=0.7914
[2022-06-25 14:35:00] Epoch=0257 Loss=0.8018
[2022-06-25 14:35:02] Epoch=0258 Loss=0.7958
[2022-06-25 14:35:05] Epoch=0259 Loss=0.7911
[2022-06-25 14:35:07] Epoch=0260 Loss=0.8010
[2022-06-25 14:35:10] Epoch=0261 Loss=0.8014
[2022-06-25 14:35:13] Epoch=0262 Loss=0.8161
[2022-06-25 14:35:15] Epoch=0263 Loss=0.8191
[2022-06-25 14:35:18] Epoch=0264 Loss=0.7923
[2022-06-25 14:35:20] Epoch=0265 Loss=0.8067
[2022-06-25 14:35:23] Epoch=0266 Loss=0.8020
[2022-06-25 14:35:26] Epoch=0267 Loss=0.7942
[2022-06-25 14:35:28] Epoch=0268 Loss=0.7976
[2022-06-25 14:35:31] Epoch=0269 Loss=0.8123
[2022-06-25 14:35:34] Epoch=0270 Loss=0.8204
[2022-06-25 14:35:36] Epoch=0271 Loss=0.8224
[2022-06-25 14:35:39] Epoch=0272 Loss=0.8127
[2022-06-25 14:35:41] Epoch=0273 Loss=0.8021
[2022-06-25 14:35:44] Epoch=0274 Loss=0.7933
[2022-06-25 14:35:47] Epoch=0275 Loss=0.7943
[2022-06-25 14:35:49] Epoch=0276 Loss=0.7862
[2022-06-25 14:35:52] Epoch=0277 Loss=0.7930
[2022-06-25 14:35:55] Epoch=0278 Loss=0.7920
[2022-06-25 14:35:58] Epoch=0279 Loss=0.8068
[2022-06-25 14:36:00] Epoch=0280 Loss=0.7992
[2022-06-25 14:36:03] Epoch=0281 Loss=0.8204
[2022-06-25 14:36:06] Epoch=0282 Loss=0.7936
[2022-06-25 14:36:08] Epoch=0283 Loss=0.7919
[2022-06-25 14:36:11] Epoch=0284 Loss=0.7917
[2022-06-25 14:36:13] Epoch=0285 Loss=0.7956
[2022-06-25 14:36:16] Epoch=0286 Loss=0.8037
[2022-06-25 14:36:18] Epoch=0287 Loss=0.7892
[2022-06-25 14:36:21] Epoch=0288 Loss=0.7875
[2022-06-25 14:36:24] Epoch=0289 Loss=0.7812
[2022-06-25 14:36:26] Epoch=0290 Loss=0.7793
[2022-06-25 14:36:29] Epoch=0291 Loss=0.7806
[2022-06-25 14:36:31] Epoch=0292 Loss=0.7822
[2022-06-25 14:36:34] Epoch=0293 Loss=0.8090
[2022-06-25 14:36:37] Epoch=0294 Loss=0.8025
[2022-06-25 14:36:39] Epoch=0295 Loss=0.8094
[2022-06-25 14:36:42] Epoch=0296 Loss=0.7932
[2022-06-25 14:36:45] Epoch=0297 Loss=0.7859
[2022-06-25 14:36:48] Epoch=0298 Loss=0.7867
[2022-06-25 14:36:50] Epoch=0299 Loss=0.7785
[2022-06-25 14:36:53] Epoch=0300 Loss=0.7851
[2022-06-25 14:36:56] Epoch=0301 Loss=0.7897
[2022-06-25 14:36:58] Epoch=0302 Loss=0.7784
[2022-06-25 14:37:01] Epoch=0303 Loss=0.7758
[2022-06-25 14:37:04] Epoch=0304 Loss=0.7964
[2022-06-25 14:37:06] Epoch=0305 Loss=0.7934
[2022-06-25 14:37:09] Epoch=0306 Loss=0.8018
[2022-06-25 14:37:12] Epoch=0307 Loss=0.7915
[2022-06-25 14:37:14] Epoch=0308 Loss=0.7963
[2022-06-25 14:37:17] Epoch=0309 Loss=0.7929
[2022-06-25 14:37:19] Epoch=0310 Loss=0.7822
[2022-06-25 14:37:22] Epoch=0311 Loss=0.7770
[2022-06-25 14:37:25] Epoch=0312 Loss=0.7709
[2022-06-25 14:37:27] Epoch=0313 Loss=0.7700
[2022-06-25 14:37:30] Epoch=0314 Loss=0.7795
[2022-06-25 14:37:32] Epoch=0315 Loss=0.7951
[2022-06-25 14:37:35] Epoch=0316 Loss=0.7896
[2022-06-25 14:37:38] Epoch=0317 Loss=0.7782
[2022-06-25 14:37:40] Epoch=0318 Loss=0.7735
[2022-06-25 14:37:43] Epoch=0319 Loss=0.7725
[2022-06-25 14:37:45] Epoch=0320 Loss=0.7794
[2022-06-25 14:37:48] Epoch=0321 Loss=0.7718
[2022-06-25 14:37:51] Epoch=0322 Loss=0.7689
[2022-06-25 14:37:53] Epoch=0323 Loss=0.7730
[2022-06-25 14:37:56] Epoch=0324 Loss=0.7753
[2022-06-25 14:37:58] Epoch=0325 Loss=0.7750
[2022-06-25 14:38:01] Epoch=0326 Loss=0.7751
[2022-06-25 14:38:04] Epoch=0327 Loss=0.7720
[2022-06-25 14:38:06] Epoch=0328 Loss=0.7927
[2022-06-25 14:38:09] Epoch=0329 Loss=0.8129
[2022-06-25 14:38:12] Epoch=0330 Loss=0.8085
[2022-06-25 14:38:15] Epoch=0331 Loss=0.7868
[2022-06-25 14:38:18] Epoch=0332 Loss=0.7725
[2022-06-25 14:38:20] Epoch=0333 Loss=0.7777
[2022-06-25 14:38:23] Epoch=0334 Loss=0.7752
[2022-06-25 14:38:26] Epoch=0335 Loss=0.7690
[2022-06-25 14:38:28] Epoch=0336 Loss=0.7736
[2022-06-25 14:38:31] Epoch=0337 Loss=0.7748
[2022-06-25 14:38:33] Epoch=0338 Loss=0.7742
[2022-06-25 14:38:36] Epoch=0339 Loss=0.7743
[2022-06-25 14:38:39] Epoch=0340 Loss=0.7622
[2022-06-25 14:38:41] Epoch=0341 Loss=0.7646
[2022-06-25 14:38:44] Epoch=0342 Loss=0.7809
[2022-06-25 14:38:46] Epoch=0343 Loss=0.7898
[2022-06-25 14:38:49] Epoch=0344 Loss=0.7930
[2022-06-25 14:38:52] Epoch=0345 Loss=0.7792
[2022-06-25 14:38:54] Epoch=0346 Loss=0.7746
[2022-06-25 14:38:57] Epoch=0347 Loss=0.7613
[2022-06-25 14:38:59] Epoch=0348 Loss=0.7576
[2022-06-25 14:39:02] Epoch=0349 Loss=0.7554
[2022-06-25 14:39:05] Epoch=0350 Loss=0.7626
[2022-06-25 14:39:07] Epoch=0351 Loss=0.7639
[2022-06-25 14:39:10] Epoch=0352 Loss=0.7685
[2022-06-25 14:39:13] Epoch=0353 Loss=0.7661
[2022-06-25 14:39:15] Epoch=0354 Loss=0.7682
[2022-06-25 14:39:18] Epoch=0355 Loss=0.7855
[2022-06-25 14:39:20] Epoch=0356 Loss=0.7784
[2022-06-25 14:39:23] Epoch=0357 Loss=0.8049
[2022-06-25 14:39:26] Epoch=0358 Loss=0.8057
[2022-06-25 14:39:29] Epoch=0359 Loss=0.7757
[2022-06-25 14:39:32] Epoch=0360 Loss=0.7588
[2022-06-25 14:39:35] Epoch=0361 Loss=0.7535
[2022-06-25 14:39:38] Epoch=0362 Loss=0.7526
[2022-06-25 14:39:40] Epoch=0363 Loss=0.7545
[2022-06-25 14:39:43] Epoch=0364 Loss=0.7550
[2022-06-25 14:39:45] Epoch=0365 Loss=0.7678
[2022-06-25 14:39:48] Epoch=0366 Loss=0.7604
[2022-06-25 14:39:51] Epoch=0367 Loss=0.7640
[2022-06-25 14:39:54] Epoch=0368 Loss=0.7663
[2022-06-25 14:39:56] Epoch=0369 Loss=0.7659
[2022-06-25 14:39:59] Epoch=0370 Loss=0.7644
[2022-06-25 14:40:01] Epoch=0371 Loss=0.7730
[2022-06-25 14:40:04] Epoch=0372 Loss=0.7830
[2022-06-25 14:40:07] Epoch=0373 Loss=0.7708
[2022-06-25 14:40:09] Epoch=0374 Loss=0.7807
[2022-06-25 14:40:12] Epoch=0375 Loss=0.8098
[2022-06-25 14:40:14] Epoch=0376 Loss=0.7799
[2022-06-25 14:40:17] Epoch=0377 Loss=0.7560
[2022-06-25 14:40:20] Epoch=0378 Loss=0.7578
[2022-06-25 14:40:22] Epoch=0379 Loss=0.7627
[2022-06-25 14:40:25] Epoch=0380 Loss=0.7619
[2022-06-25 14:40:27] Epoch=0381 Loss=0.7524
[2022-06-25 14:40:30] Epoch=0382 Loss=0.7551
[2022-06-25 14:40:32] Epoch=0383 Loss=0.7586
[2022-06-25 14:40:35] Epoch=0384 Loss=0.7678
[2022-06-25 14:40:38] Epoch=0385 Loss=0.7657
[2022-06-25 14:40:40] Epoch=0386 Loss=0.7760
[2022-06-25 14:40:43] Epoch=0387 Loss=0.7674
[2022-06-25 14:40:46] Epoch=0388 Loss=0.7777
[2022-06-25 14:40:49] Epoch=0389 Loss=0.7738
[2022-06-25 14:40:51] Epoch=0390 Loss=0.7604
[2022-06-25 14:40:54] Epoch=0391 Loss=0.7517
[2022-06-25 14:40:57] Epoch=0392 Loss=0.7462
[2022-06-25 14:40:59] Epoch=0393 Loss=0.7464
[2022-06-25 14:41:02] Epoch=0394 Loss=0.7498
[2022-06-25 14:41:04] Epoch=0395 Loss=0.7571
[2022-06-25 14:41:07] Epoch=0396 Loss=0.7719
[2022-06-25 14:41:10] Epoch=0397 Loss=0.7733
[2022-06-25 14:41:12] Epoch=0398 Loss=0.7626
[2022-06-25 14:41:15] Epoch=0399 Loss=0.7604
[2022-06-25 14:41:17] Epoch=0400 Loss=0.7607
[2022-06-25 14:41:20] Epoch=0401 Loss=0.7559
[2022-06-25 14:41:23] Epoch=0402 Loss=0.7537
[2022-06-25 14:41:25] Epoch=0403 Loss=0.7531
[2022-06-25 14:41:28] Epoch=0404 Loss=0.7507
[2022-06-25 14:41:31] Epoch=0405 Loss=0.7552
[2022-06-25 14:41:34] Epoch=0406 Loss=0.7650
[2022-06-25 14:41:36] Epoch=0407 Loss=0.7607
[2022-06-25 14:41:39] Epoch=0408 Loss=0.7761
[2022-06-25 14:41:41] Epoch=0409 Loss=0.7849
[2022-06-25 14:41:44] Epoch=0410 Loss=0.7695
[2022-06-25 14:41:47] Epoch=0411 Loss=0.7708
[2022-06-25 14:41:49] Epoch=0412 Loss=0.7645
[2022-06-25 14:41:52] Epoch=0413 Loss=0.7585
[2022-06-25 14:41:54] Epoch=0414 Loss=0.7545
[2022-06-25 14:41:57] Epoch=0415 Loss=0.7509
[2022-06-25 14:41:59] Epoch=0416 Loss=0.7512
[2022-06-25 14:42:02] Epoch=0417 Loss=0.7522
[2022-06-25 14:42:04] Epoch=0418 Loss=0.7562
[2022-06-25 14:42:07] Epoch=0419 Loss=0.7496
[2022-06-25 14:42:10] Epoch=0420 Loss=0.7474
[2022-06-25 14:42:13] Epoch=0421 Loss=0.7455
[2022-06-25 14:42:15] Epoch=0422 Loss=0.7531
[2022-06-25 14:42:18] Epoch=0423 Loss=0.7881
[2022-06-25 14:42:20] Epoch=0424 Loss=0.7865
[2022-06-25 14:42:23] Epoch=0425 Loss=0.7913
[2022-06-25 14:42:26] Epoch=0426 Loss=0.7731
[2022-06-25 14:42:29] Epoch=0427 Loss=0.7800
[2022-06-25 14:42:31] Epoch=0428 Loss=0.7591
[2022-06-25 14:42:34] Epoch=0429 Loss=0.7588
[2022-06-25 14:42:37] Epoch=0430 Loss=0.7472
[2022-06-25 14:42:39] Epoch=0431 Loss=0.7432
[2022-06-25 14:42:42] Epoch=0432 Loss=0.7458
[2022-06-25 14:42:44] Epoch=0433 Loss=0.7515
[2022-06-25 14:42:47] Epoch=0434 Loss=0.7610
[2022-06-25 14:42:49] Epoch=0435 Loss=0.7582
[2022-06-25 14:42:52] Epoch=0436 Loss=0.7599
[2022-06-25 14:42:55] Epoch=0437 Loss=0.7487
[2022-06-25 14:42:58] Epoch=0438 Loss=0.7413
[2022-06-25 14:43:00] Epoch=0439 Loss=0.7427
[2022-06-25 14:43:03] Epoch=0440 Loss=0.7469
[2022-06-25 14:43:05] Epoch=0441 Loss=0.7503
[2022-06-25 14:43:08] Epoch=0442 Loss=0.7606
[2022-06-25 14:43:10] Epoch=0443 Loss=0.7679
[2022-06-25 14:43:13] Epoch=0444 Loss=0.7603
[2022-06-25 14:43:16] Epoch=0445 Loss=0.7589
[2022-06-25 14:43:19] Epoch=0446 Loss=0.7581
[2022-06-25 14:43:21] Epoch=0447 Loss=0.7532
[2022-06-25 14:43:24] Epoch=0448 Loss=0.7528
[2022-06-25 14:43:26] Epoch=0449 Loss=0.7631
[2022-06-25 14:43:29] Epoch=0450 Loss=0.7495
[2022-06-25 14:43:32] Epoch=0451 Loss=0.7489
[2022-06-25 14:43:35] Epoch=0452 Loss=0.7485
[2022-06-25 14:43:37] Epoch=0453 Loss=0.7598
[2022-06-25 14:43:40] Epoch=0454 Loss=0.7540
[2022-06-25 14:43:42] Epoch=0455 Loss=0.7553
[2022-06-25 14:43:45] Epoch=0456 Loss=0.7640
[2022-06-25 14:43:47] Epoch=0457 Loss=0.7517
[2022-06-25 14:43:50] Epoch=0458 Loss=0.7481
[2022-06-25 14:43:53] Epoch=0459 Loss=0.7415
[2022-06-25 14:43:55] Epoch=0460 Loss=0.7452
[2022-06-25 14:43:58] Epoch=0461 Loss=0.7424
[2022-06-25 14:44:00] Epoch=0462 Loss=0.7460
[2022-06-25 14:44:03] Epoch=0463 Loss=0.7477
[2022-06-25 14:44:06] Epoch=0464 Loss=0.7498
[2022-06-25 14:44:08] Epoch=0465 Loss=0.7523
[2022-06-25 14:44:11] Epoch=0466 Loss=0.7513
[2022-06-25 14:44:13] Epoch=0467 Loss=0.7583
[2022-06-25 14:44:16] Epoch=0468 Loss=0.7641
[2022-06-25 14:44:18] Epoch=0469 Loss=0.7469
[2022-06-25 14:44:21] Epoch=0470 Loss=0.7491
[2022-06-25 14:44:23] Epoch=0471 Loss=0.7468
[2022-06-25 14:44:26] Epoch=0472 Loss=0.7531
[2022-06-25 14:44:28] Epoch=0473 Loss=0.7493
[2022-06-25 14:44:31] Epoch=0474 Loss=0.7443
[2022-06-25 14:44:34] Epoch=0475 Loss=0.7614
[2022-06-25 14:44:36] Epoch=0476 Loss=0.7605
[2022-06-25 14:44:39] Epoch=0477 Loss=0.7680
[2022-06-25 14:44:42] Epoch=0478 Loss=0.7562
[2022-06-25 14:44:44] Epoch=0479 Loss=0.7450
[2022-06-25 14:44:47] Epoch=0480 Loss=0.7505
[2022-06-25 14:44:50] Epoch=0481 Loss=0.7492
[2022-06-25 14:44:52] Epoch=0482 Loss=0.7551
[2022-06-25 14:44:55] Epoch=0483 Loss=0.7514
[2022-06-25 14:44:57] Epoch=0484 Loss=0.7417
[2022-06-25 14:45:00] Epoch=0485 Loss=0.7376
[2022-06-25 14:45:03] Epoch=0486 Loss=0.7362
[2022-06-25 14:45:05] Epoch=0487 Loss=0.7403
[2022-06-25 14:45:08] Epoch=0488 Loss=0.7419
[2022-06-25 14:45:10] Epoch=0489 Loss=0.7422
[2022-06-25 14:45:13] Epoch=0490 Loss=0.7549
[2022-06-25 14:45:16] Epoch=0491 Loss=0.7601
[2022-06-25 14:45:18] Epoch=0492 Loss=0.7545
[2022-06-25 14:45:21] Epoch=0493 Loss=0.7528
[2022-06-25 14:45:23] Epoch=0494 Loss=0.7567
[2022-06-25 14:45:26] Epoch=0495 Loss=0.7439
[2022-06-25 14:45:29] Epoch=0496 Loss=0.7503
[2022-06-25 14:45:32] Epoch=0497 Loss=0.7528
[2022-06-25 14:45:35] Epoch=0498 Loss=0.7425
[2022-06-25 14:45:37] Epoch=0499 Loss=0.7412
[2022-06-25 14:45:40] Epoch=0500 Loss=0.7364
[2022-06-25 14:45:42] Epoch=0501 Loss=0.7346
[2022-06-25 14:45:45] Epoch=0502 Loss=0.7352
[2022-06-25 14:45:47] Epoch=0503 Loss=0.7367
[2022-06-25 14:45:50] Epoch=0504 Loss=0.7529
[2022-06-25 14:45:53] Epoch=0505 Loss=0.7749
[2022-06-25 14:45:55] Epoch=0506 Loss=0.7601
[2022-06-25 14:45:58] Epoch=0507 Loss=0.7475
[2022-06-25 14:46:01] Epoch=0508 Loss=0.7550
[2022-06-25 14:46:03] Epoch=0509 Loss=0.7444
[2022-06-25 14:46:06] Epoch=0510 Loss=0.7386
[2022-06-25 14:46:09] Epoch=0511 Loss=0.7452
[2022-06-25 14:46:11] Epoch=0512 Loss=0.7465
[2022-06-25 14:46:14] Epoch=0513 Loss=0.7584
[2022-06-25 14:46:17] Epoch=0514 Loss=0.7533
[2022-06-25 14:46:19] Epoch=0515 Loss=0.7425
[2022-06-25 14:46:22] Epoch=0516 Loss=0.7362
[2022-06-25 14:46:24] Epoch=0517 Loss=0.7413
[2022-06-25 14:46:27] Epoch=0518 Loss=0.7372
[2022-06-25 14:46:29] Epoch=0519 Loss=0.7415
[2022-06-25 14:46:32] Epoch=0520 Loss=0.7389
[2022-06-25 14:46:35] Epoch=0521 Loss=0.7417
[2022-06-25 14:46:38] Epoch=0522 Loss=0.7407
[2022-06-25 14:46:40] Epoch=0523 Loss=0.7378
[2022-06-25 14:46:43] Epoch=0524 Loss=0.7414
[2022-06-25 14:46:46] Epoch=0525 Loss=0.7706
[2022-06-25 14:46:48] Epoch=0526 Loss=0.7646
[2022-06-25 14:46:51] Epoch=0527 Loss=0.7590
[2022-06-25 14:46:53] Epoch=0528 Loss=0.7644
[2022-06-25 14:46:56] Epoch=0529 Loss=0.7623
[2022-06-25 14:46:58] Epoch=0530 Loss=0.7424
[2022-06-25 14:47:01] Epoch=0531 Loss=0.7403
[2022-06-25 14:47:04] Epoch=0532 Loss=0.7428
[2022-06-25 14:47:07] Epoch=0533 Loss=0.7356
[2022-06-25 14:47:09] Epoch=0534 Loss=0.7295
[2022-06-25 14:47:12] Epoch=0535 Loss=0.7314
[2022-06-25 14:47:14] Epoch=0536 Loss=0.7331
[2022-06-25 14:47:17] Epoch=0537 Loss=0.7327
[2022-06-25 14:47:20] Epoch=0538 Loss=0.7417
[2022-06-25 14:47:22] Epoch=0539 Loss=0.7411
[2022-06-25 14:47:25] Epoch=0540 Loss=0.7387
[2022-06-25 14:47:28] Epoch=0541 Loss=0.7559
[2022-06-25 14:47:30] Epoch=0542 Loss=0.7654
[2022-06-25 14:47:33] Epoch=0543 Loss=0.7502
[2022-06-25 14:47:35] Epoch=0544 Loss=0.7729
[2022-06-25 14:47:38] Epoch=0545 Loss=0.7671
[2022-06-25 14:47:40] Epoch=0546 Loss=0.7444
[2022-06-25 14:47:43] Epoch=0547 Loss=0.7475
[2022-06-25 14:47:46] Epoch=0548 Loss=0.7462
[2022-06-25 14:47:48] Epoch=0549 Loss=0.7366
[2022-06-25 14:47:51] Epoch=0550 Loss=0.7325
[2022-06-25 14:47:53] Epoch=0551 Loss=0.7356
[2022-06-25 14:47:56] Epoch=0552 Loss=0.7357
[2022-06-25 14:47:59] Epoch=0553 Loss=0.7389
[2022-06-25 14:48:02] Epoch=0554 Loss=0.7377
[2022-06-25 14:48:04] Epoch=0555 Loss=0.7390
[2022-06-25 14:48:07] Epoch=0556 Loss=0.7399
[2022-06-25 14:48:10] Epoch=0557 Loss=0.7416
[2022-06-25 14:48:12] Epoch=0558 Loss=0.7537
[2022-06-25 14:48:15] Epoch=0559 Loss=0.7386
[2022-06-25 14:48:17] Epoch=0560 Loss=0.7272
[2022-06-25 14:48:20] Epoch=0561 Loss=0.7304
[2022-06-25 14:48:23] Epoch=0562 Loss=0.7383
[2022-06-25 14:48:25] Epoch=0563 Loss=0.7466
[2022-06-25 14:48:28] Epoch=0564 Loss=0.7539
[2022-06-25 14:48:30] Epoch=0565 Loss=0.7384
[2022-06-25 14:48:34] Epoch=0566 Loss=0.7330
[2022-06-25 14:48:36] Epoch=0567 Loss=0.7358
[2022-06-25 14:48:39] Epoch=0568 Loss=0.7326
[2022-06-25 14:48:42] Epoch=0569 Loss=0.7505
[2022-06-25 14:48:44] Epoch=0570 Loss=0.7622
[2022-06-25 14:48:47] Epoch=0571 Loss=0.7456
[2022-06-25 14:48:49] Epoch=0572 Loss=0.7319
[2022-06-25 14:48:52] Epoch=0573 Loss=0.7338
[2022-06-25 14:48:54] Epoch=0574 Loss=0.7339
[2022-06-25 14:48:57] Epoch=0575 Loss=0.7327
[2022-06-25 14:49:00] Epoch=0576 Loss=0.7388
[2022-06-25 14:49:02] Epoch=0577 Loss=0.7423
[2022-06-25 14:49:05] Epoch=0578 Loss=0.7420
[2022-06-25 14:49:07] Epoch=0579 Loss=0.7409
[2022-06-25 14:49:10] Epoch=0580 Loss=0.7390
[2022-06-25 14:49:12] Epoch=0581 Loss=0.7504
[2022-06-25 14:49:15] Epoch=0582 Loss=0.7524
[2022-06-25 14:49:18] Epoch=0583 Loss=0.7384
[2022-06-25 14:49:20] Epoch=0584 Loss=0.7319
[2022-06-25 14:49:23] Epoch=0585 Loss=0.7340
[2022-06-25 14:49:26] Epoch=0586 Loss=0.7259
[2022-06-25 14:49:28] Epoch=0587 Loss=0.7285
[2022-06-25 14:49:31] Epoch=0588 Loss=0.7293
[2022-06-25 14:49:33] Epoch=0589 Loss=0.7335
[2022-06-25 14:49:36] Epoch=0590 Loss=0.7311
[2022-06-25 14:49:39] Epoch=0591 Loss=0.7296
[2022-06-25 14:49:41] Epoch=0592 Loss=0.7419
[2022-06-25 14:49:44] Epoch=0593 Loss=0.7551
[2022-06-25 14:49:47] Epoch=0594 Loss=0.7396
[2022-06-25 14:49:49] Epoch=0595 Loss=0.7374
[2022-06-25 14:49:52] Epoch=0596 Loss=0.7289
[2022-06-25 14:49:55] Epoch=0597 Loss=0.7386
[2022-06-25 14:49:57] Epoch=0598 Loss=0.7430
[2022-06-25 14:50:00] Epoch=0599 Loss=0.7472
[2022-06-25 14:50:03] Epoch=0600 Loss=0.7470
[2022-06-25 14:50:05] Epoch=0601 Loss=0.7797
[2022-06-25 14:50:08] Epoch=0602 Loss=0.7477
[2022-06-25 14:50:11] Epoch=0603 Loss=0.7365
[2022-06-25 14:50:13] Epoch=0604 Loss=0.7300
[2022-06-25 14:50:16] Epoch=0605 Loss=0.7266
[2022-06-25 14:50:18] Epoch=0606 Loss=0.7258
[2022-06-25 14:50:21] Epoch=0607 Loss=0.7252
[2022-06-25 14:50:24] Epoch=0608 Loss=0.7239
[2022-06-25 14:50:26] Epoch=0609 Loss=0.7227
[2022-06-25 14:50:29] Epoch=0610 Loss=0.7317
[2022-06-25 14:50:32] Epoch=0611 Loss=0.7298
[2022-06-25 14:50:35] Epoch=0612 Loss=0.7379
[2022-06-25 14:50:37] Epoch=0613 Loss=0.7476
[2022-06-25 14:50:40] Epoch=0614 Loss=0.7445
[2022-06-25 14:50:43] Epoch=0615 Loss=0.7448
[2022-06-25 14:50:45] Epoch=0616 Loss=0.7531
[2022-06-25 14:50:48] Epoch=0617 Loss=0.7387
[2022-06-25 14:50:51] Epoch=0618 Loss=0.7366
[2022-06-25 14:50:53] Epoch=0619 Loss=0.7308
[2022-06-25 14:50:56] Epoch=0620 Loss=0.7381
[2022-06-25 14:50:59] Epoch=0621 Loss=0.7326
[2022-06-25 14:51:01] Epoch=0622 Loss=0.7246
[2022-06-25 14:51:04] Epoch=0623 Loss=0.7251
[2022-06-25 14:51:07] Epoch=0624 Loss=0.7232
[2022-06-25 14:51:09] Epoch=0625 Loss=0.7237
[2022-06-25 14:51:12] Epoch=0626 Loss=0.7428
[2022-06-25 14:51:14] Epoch=0627 Loss=0.7435
[2022-06-25 14:51:17] Epoch=0628 Loss=0.7626
[2022-06-25 14:51:20] Epoch=0629 Loss=0.7371
[2022-06-25 14:51:22] Epoch=0630 Loss=0.7403
[2022-06-25 14:51:25] Epoch=0631 Loss=0.7400
[2022-06-25 14:51:28] Epoch=0632 Loss=0.7353
[2022-06-25 14:51:30] Epoch=0633 Loss=0.7274
[2022-06-25 14:51:33] Epoch=0634 Loss=0.7293
[2022-06-25 14:51:35] Epoch=0635 Loss=0.7464
[2022-06-25 14:51:38] Epoch=0636 Loss=0.7517
[2022-06-25 14:51:41] Epoch=0637 Loss=0.7466
[2022-06-25 14:51:43] Epoch=0638 Loss=0.7500
[2022-06-25 14:51:46] Epoch=0639 Loss=0.7328
[2022-06-25 14:51:49] Epoch=0640 Loss=0.7511
[2022-06-25 14:51:52] Epoch=0641 Loss=0.7361
[2022-06-25 14:51:54] Epoch=0642 Loss=0.7350
[2022-06-25 14:51:57] Epoch=0643 Loss=0.7308
[2022-06-25 14:51:59] Epoch=0644 Loss=0.7254
[2022-06-25 14:52:02] Epoch=0645 Loss=0.7251
[2022-06-25 14:52:04] Epoch=0646 Loss=0.7202
[2022-06-25 14:52:07] Epoch=0647 Loss=0.7234
[2022-06-25 14:52:09] Epoch=0648 Loss=0.7237
[2022-06-25 14:52:13] Epoch=0649 Loss=0.7219
[2022-06-25 14:52:15] Epoch=0650 Loss=0.7273
[2022-06-25 14:52:18] Epoch=0651 Loss=0.7380
[2022-06-25 14:52:20] Epoch=0652 Loss=0.7672
[2022-06-25 14:52:23] Epoch=0653 Loss=0.7494
[2022-06-25 14:52:26] Epoch=0654 Loss=0.7304
[2022-06-25 14:52:28] Epoch=0655 Loss=0.7258
[2022-06-25 14:52:31] Epoch=0656 Loss=0.7304
[2022-06-25 14:52:34] Epoch=0657 Loss=0.7314
[2022-06-25 14:52:36] Epoch=0658 Loss=0.7323
[2022-06-25 14:52:39] Epoch=0659 Loss=0.7338
[2022-06-25 14:52:41] Epoch=0660 Loss=0.7305
[2022-06-25 14:52:44] Epoch=0661 Loss=0.7268
[2022-06-25 14:52:47] Epoch=0662 Loss=0.7270
[2022-06-25 14:52:49] Epoch=0663 Loss=0.7321
[2022-06-25 14:52:52] Epoch=0664 Loss=0.7302
[2022-06-25 14:52:54] Epoch=0665 Loss=0.7337
[2022-06-25 14:52:57] Epoch=0666 Loss=0.7322
[2022-06-25 14:53:00] Epoch=0667 Loss=0.7352
[2022-06-25 14:53:03] Epoch=0668 Loss=0.7267
[2022-06-25 14:53:05] Epoch=0669 Loss=0.7355
[2022-06-25 14:53:08] Epoch=0670 Loss=0.7315
[2022-06-25 14:53:11] Epoch=0671 Loss=0.7358
[2022-06-25 14:53:13] Epoch=0672 Loss=0.7274
[2022-06-25 14:53:16] Epoch=0673 Loss=0.7319
[2022-06-25 14:53:19] Epoch=0674 Loss=0.7306
[2022-06-25 14:53:21] Epoch=0675 Loss=0.7291
[2022-06-25 14:53:24] Epoch=0676 Loss=0.7259
[2022-06-25 14:53:26] Epoch=0677 Loss=0.7240
[2022-06-25 14:53:29] Epoch=0678 Loss=0.7279
[2022-06-25 14:53:31] Epoch=0679 Loss=0.7233
[2022-06-25 14:53:34] Epoch=0680 Loss=0.7268
[2022-06-25 14:53:36] Epoch=0681 Loss=0.7340
[2022-06-25 14:53:39] Epoch=0682 Loss=0.7347
[2022-06-25 14:53:42] Epoch=0683 Loss=0.7350
[2022-06-25 14:53:44] Epoch=0684 Loss=0.7416
[2022-06-25 14:53:47] Epoch=0685 Loss=0.7335
[2022-06-25 14:53:49] Epoch=0686 Loss=0.7331
[2022-06-25 14:53:52] Epoch=0687 Loss=0.7261
[2022-06-25 14:53:55] Epoch=0688 Loss=0.7376
[2022-06-25 14:53:57] Epoch=0689 Loss=0.7448
[2022-06-25 14:54:00] Epoch=0690 Loss=0.7475
[2022-06-25 14:54:02] Epoch=0691 Loss=0.7397
[2022-06-25 14:54:05] Epoch=0692 Loss=0.7243
[2022-06-25 14:54:07] Epoch=0693 Loss=0.7275
[2022-06-25 14:54:10] Epoch=0694 Loss=0.7248
[2022-06-25 14:54:13] Epoch=0695 Loss=0.7264
[2022-06-25 14:54:15] Epoch=0696 Loss=0.7237
[2022-06-25 14:54:15] Training completed.
[2022-06-25 14:54:15] Min train loss: 0.7202 | Epoch: 0645
[2022-06-25 14:54:15] Save to /home/linjc/code/dds/baselines/PRODeepSyn-main/cell/data_ours/mdl_ge_128x384_sample
[2022-06-25 14:54:15] Save train loss curve to /home/linjc/code/dds/baselines/PRODeepSyn-main/cell/data_ours/mdl_ge_128x384_sample/loss.pkl
[2022-06-25 14:54:15] Save /home/linjc/code/dds/baselines/PRODeepSyn-main/cell/data_ours/mdl_ge_128x384_sample/embeddings.npy
